<?xml version="1.0" encoding="UTF-8"?>
<!-- Generated by org.testng.reporters.JUnitReportReporter -->
<testsuite hostname="TechAltum-PC" name="aug_30.TC01" tests="1" failures="0" timestamp="6 Jan 2016 11:58:26 GMT" time="1.961" errors="0">
  <testcase name="dbConn" time="1.961" classname="aug_30.TC01"/>
</testsuite> <!-- aug_30.TC01 -->
