<?xml version="1.0" encoding="UTF-8"?>
<!-- Generated by org.testng.reporters.JUnitReportReporter -->
<testsuite hostname="TechAltum-PC" name="jan_23.SetEx" tests="1" failures="0" timestamp="23 Jan 2016 05:26:02 GMT" time="0.032" errors="0">
  <testcase name="atTest" time="0.032" classname="jan_23.SetEx"/>
</testsuite> <!-- jan_23.SetEx -->
