<?xml version="1.0" encoding="UTF-8"?>
<!-- Generated by org.testng.reporters.JUnitReportReporter -->
<testsuite hostname="TechAltum-PC" name="nov_15.TC01" tests="1" failures="0" timestamp="15 Nov 2015 10:39:52 GMT" time="10815.748" errors="0">
  <testcase name="atTest01" time="10815.748" classname="nov_15.TC01"/>
</testsuite> <!-- nov_15.TC01 -->
