<?xml version="1.0" encoding="UTF-8"?>
<!-- Generated by org.testng.reporters.JUnitReportReporter -->
<testsuite hostname="TechAltum-PC" name="dec_27.TC03" tests="1" failures="0" timestamp="27 Dec 2015 09:09:33 GMT" time="28.399" errors="0">
  <testcase name="atTestFlipKart" time="28.399" classname="dec_27.TC03"/>
</testsuite> <!-- dec_27.TC03 -->
