<?xml version="1.0" encoding="UTF-8"?>
<!-- Generated by org.testng.reporters.JUnitReportReporter -->
<testsuite hostname="TechAltum-PC" name="jan_23.ListEx" tests="1" failures="0" timestamp="23 Jan 2016 05:22:42 GMT" time="0.075" errors="0">
  <testcase name="atTest" time="0.075" classname="jan_23.ListEx"/>
</testsuite> <!-- jan_23.ListEx -->
