<?xml version="1.0" encoding="UTF-8"?>
<!-- Generated by org.testng.reporters.JUnitReportReporter -->
<testsuite hostname="TechAltum-PC" name="nov_15.TC02" tests="1" failures="0" timestamp="15 Nov 2015 10:39:52 GMT" time="10815.742" errors="0">
  <testcase name="atTest02" time="10815.742" classname="nov_15.TC02"/>
</testsuite> <!-- nov_15.TC02 -->
