<?xml version="1.0" encoding="UTF-8"?>
<!-- Generated by org.testng.reporters.JUnitReportReporter -->
<testsuite hostname="TechAltum-PC" name="pack12.TC09" tests="1" failures="0" timestamp="8 Aug 2015 13:03:11 GMT" time="44.431" errors="0">
  <testcase name="atTest" time="44.431" classname="pack12.TC09"/>
</testsuite> <!-- pack12.TC09 -->
