<?xml version="1.0" encoding="UTF-8"?>
<!-- Generated by org.testng.reporters.JUnitReportReporter -->
<testsuite hostname="TechAltum-PC" name="dec_26_1.TC03" tests="1" failures="0" timestamp="26 Dec 2015 09:29:49 GMT" time="12.156" errors="0">
  <testcase name="atTestFlipKart" time="12.156" classname="dec_26_1.TC03"/>
</testsuite> <!-- dec_26_1.TC03 -->
