<?xml version="1.0" encoding="UTF-8"?>
<!-- Generated by org.testng.reporters.JUnitReportReporter -->
<testsuite hostname="TechAltum-PC" name="pack12.TC08" tests="1" failures="0" timestamp="8 Aug 2015 12:46:07 GMT" time="33.013" errors="0">
  <testcase name="atTest" time="33.013" classname="pack12.TC08"/>
</testsuite> <!-- pack12.TC08 -->
