<?xml version="1.0" encoding="UTF-8"?>
<!-- Generated by org.testng.reporters.JUnitReportReporter -->
<testsuite hostname="TechAltum-PC" name="pack12.TC07" tests="1" failures="0" timestamp="8 Aug 2015 12:06:33 GMT" time="36.093" errors="0">
  <testcase name="atTest" time="36.093" classname="pack12.TC07"/>
</testsuite> <!-- pack12.TC07 -->
